Open door at Tue Apr  2 14:47:54 2019
WARNING!!! Attempt to open door at Tue Apr  2 14:47:56 2019 with key tag: 0be7c60d
WARNING!!! Attempt to open door at Tue Apr  2 14:47:59 2019 with key tag: 0be7c60d
WARNING!!! Attempt to open door at Tue Apr  2 14:48:02 2019 with key tag: 0be7c60d
Open door at Tue Apr  2 15:04:42 2019
WARNING!!! Attempt to open door at Tue Apr  2 15:04:45 2019 with key tag: 0be7c60d
Open door at Tue Apr  2 15:04:55 2019
WARNING!!! Attempt to open door at Tue Apr  2 15:07:34 2019 with key tag: 0be7c60d
WARNING!!! Attempt to open door at Tue Apr  2 15:07:40 2019 with key tag: 0be7c60d
Open door at Tue Apr  2 15:07:47 2019
WARNING!!! Attempt to open door at Tue Apr  2 15:08:15 2019 with key tag: 0be7c60d
Open door at Tue Apr  2 15:08:30 2019
WARNING!!! Attempt to open door at Tue Apr  2 15:08:33 2019 with key tag: 0be7c60d
Open door at Tue Apr  2 15:09:00 2019
WARNING!!! Attempt to open door at Tue Apr  2 15:09:02 2019 with key tag: 0be7c60d
Open door at Tue Apr  2 15:09:09 2019
WARNING!!! Attempt to open door at Tue Apr  2 15:11:47 2019 with key tag: 0be7c60d
WARNING!!! Attempt to open door at Tue Apr  2 15:12:11 2019 with key tag: 8beebf0d
Open door at Tue Apr  2 15:12:25 2019
Open door at Tue Apr  2 15:12:34 2019
WARNING!!! Attempt to open door at Tue Apr  2 15:12:37 2019 with key tag: 0be7c60d
WARNING!!! Attempt to open door at Tue Apr  2 15:15:26 2019 with key tag: 8beebf0d
WARNING!!! Attempt to open door at Tue Apr  2 15:15:31 2019 with key tag: 8beebf0d
WARNING!!! Attempt to open door at Tue Apr  2 15:17:12 2019 with key tag: 0be7c60d
Open door at Tue Apr  2 23:31:14 2019
Open door at Tue Apr  2 23:56:04 2019
Open door at Tue Apr  2 23:56:10 2019
Open door at Tue Apr  2 23:56:16 2019
Open door at Tue Apr  2 23:56:25 2019
Open door at Tue Apr  2 23:56:30 2019
Open door at Tue Apr  2 23:56:35 2019
Open door at Tue Apr  2 23:56:40 2019
Open door at Tue Apr  2 23:56:45 2019
Open door at Tue Apr  2 23:56:50 2019
Open door at Tue Apr  2 23:56:55 2019
Open door at Tue Apr  2 23:57:00 2019
Open door at Thu Apr 11 15:03:56 2019
Open door at Thu Apr 11 15:49:05 2019
Open door at Thu Apr 11 18:42:15 2019
Open door at Thu Apr 11 18:44:03 2019
Open door at Thu Apr 11 19:19:36 2019
Open door at Thu Apr 11 19:30:05 2019
Open door at Thu Apr 11 19:38:47 2019
Open door at Thu Apr 11 20:11:03 2019
Open door at Thu Apr 11 23:10:21 2019
Open door at Fri Apr 12 15:48:31 2019
Open door at Fri Apr 12 15:52:40 2019
Open door at Fri Apr 12 16:04:11 2019
Open door at Fri Apr 12 17:42:14 2019
Open door at Fri Apr 12 17:52:35 2019
Open door at Fri Apr 12 17:57:15 2019
Open door at Fri Apr 12 19:27:50 2019
Open door at Fri Apr 12 19:37:49 2019
Open door at Fri Apr 12 19:41:04 2019
Open door at Fri Apr 12 19:41:58 2019
Open door at Fri Apr 12 20:16:23 2019
Open door at Fri Apr 12 20:17:10 2019
Open door at Fri Apr 12 20:19:49 2019
Open door at Fri Apr 12 21:05:14 2019
Open door at Fri Apr 12 21:08:10 2019
Open door at Fri Apr 12 21:56:56 2019
Open door at Fri Apr 12 23:03:51 2019
Open door at Fri Apr 12 23:07:25 2019
Open door at Sat Apr 13 20:34:01 2019
WARNING!!! Attempt to open door at Sat Apr 13 20:34:16 2019 with key tag: eb34e40d
WARNING!!! Attempt to open door at Sat Apr 13 20:34:50 2019 with key tag: eb34e40d
Open door at Sat Apr 13 20:35:01 2019
WARNING!!! Attempt to open door at Sat Apr 13 20:35:04 2019 with key tag: eb34e40d
Open door at Mon Apr 15 14:17:37 2019
Open door at Mon Apr 15 14:17:42 2019
Open door at Mon Apr 15 16:55:38 2019
Open door at Mon Apr 15 16:56:09 2019
Open door at Mon Apr 15 19:52:57 2019
Open door at Tue Apr 16 13:52:24 2019
Open door at Tue Apr 16 15:05:21 2019
Open door at Tue Apr 16 17:13:39 2019
Open door at Tue Apr 16 17:17:38 2019
Open door at Tue Apr 16 18:25:32 2019
Open door at Tue Apr 16 19:06:17 2019
Open door at Tue Apr 16 19:58:20 2019
Open door at Tue Apr 16 21:35:57 2019
Open door at Tue Apr 16 21:41:01 2019
Open door at Wed Apr 17 01:36:51 2019
Open door at Wed Apr 17 01:36:58 2019
Open door at Wed Apr 17 01:41:29 2019
Open door at Wed Apr 17 01:43:10 2019
WARNING!!! Attempt to open door at Wed Apr 17 01:43:27 2019 with key tag: 4b05c20d
Open door at Wed Apr 17 02:30:56 2019
Open door at Wed Apr 17 02:33:33 2019
Open door at Wed Apr 17 02:50:42 2019
Open door at Wed Apr 17 02:51:49 2019
Open door at Wed Apr 17 02:52:26 2019
Open door at Wed Apr 17 17:30:37 2019
Open door at Wed Apr 17 17:51:00 2019
Open door at Wed Apr 17 18:42:46 2019
Open door at Wed Apr 17 19:56:05 2019
Open door at Wed Apr 17 20:54:19 2019
Open door at Wed Apr 17 22:18:41 2019
Open door at Thu Apr 18 14:57:51 2019
Open door at Thu Apr 18 15:19:59 2019
Open door at Thu Apr 18 15:20:52 2019
Open door at Thu Apr 18 16:37:43 2019
Open door at Fri Apr 19 15:45:05 2019
Open door at Fri Apr 19 17:37:57 2019
Open door at Fri Apr 19 17:40:42 2019
Open door at Fri Apr 19 19:42:46 2019
Open door at Fri Apr 19 22:46:49 2019
Open door at Mon Apr 22 14:59:19 2019
Open door at Mon Apr 22 15:02:32 2019
Open door at Mon Apr 22 15:15:41 2019
Open door at Mon Apr 22 15:20:41 2019
Open door at Mon Apr 22 16:30:42 2019
Open door at Mon Apr 22 17:24:44 2019
Open door at Mon Apr 22 17:25:31 2019
Open door at Mon Apr 22 17:29:14 2019
Open door at Mon Apr 22 17:31:25 2019
Open door at Mon Apr 22 18:13:40 2019
Open door at Mon Apr 22 19:53:31 2019
Open door at Mon Apr 22 20:37:06 2019
Open door at Tue Apr 23 14:07:16 2019
Open door at Tue Apr 23 15:40:03 2019
Open door at Tue Apr 23 16:34:52 2019
Open door at Tue Apr 23 16:48:12 2019
Open door at Tue Apr 23 17:11:28 2019
Open door at Tue Apr 23 18:06:38 2019
Open door at Tue Apr 23 18:10:05 2019
Open door at Tue Apr 23 19:29:42 2019
Open door at Tue Apr 23 20:31:53 2019
Open door at Tue Apr 23 20:34:35 2019
Open door at Tue Apr 23 23:10:09 2019
Open door at Wed Apr 24 02:03:30 2019
Open door at Wed Apr 24 02:06:41 2019
Open door at Wed Apr 24 02:53:21 2019
Open door at Wed Apr 24 17:02:37 2019
Open door at Wed Apr 24 18:01:39 2019
Open door at Wed Apr 24 18:57:36 2019
Open door at Wed Apr 24 19:53:34 2019
Open door at Wed Apr 24 20:06:40 2019
Open door at Wed Apr 24 20:34:59 2019
Open door at Wed Apr 24 20:55:40 2019
Open door at Wed Apr 24 21:03:11 2019
Open door at Wed Apr 24 22:06:42 2019
Open door at Thu Apr 25 15:06:11 2019
Open door at Thu Apr 25 15:47:19 2019
Open door at Thu Apr 25 16:42:21 2019
Open door at Thu Apr 25 16:43:53 2019
Open door at Thu Apr 25 16:45:06 2019
Open door at Thu Apr 25 18:27:18 2019
Open door at Thu Apr 25 18:32:29 2019
Open door at Thu Apr 25 18:33:08 2019
Open door at Thu Apr 25 18:38:33 2019
Open door at Thu Apr 25 19:13:51 2019
Open door at Thu Apr 25 19:14:49 2019
Open door at Thu Apr 25 20:04:56 2019
Open door at Thu Apr 25 20:17:32 2019
Open door at Thu Apr 25 20:39:44 2019
Open door at Thu Apr 25 23:03:27 2019
Open door at Thu Apr 25 23:26:36 2019
Open door at Fri Apr 26 18:44:00 2019
Open door at Fri Apr 26 18:44:10 2019
Open door at Fri Apr 26 18:44:16 2019
Open door at Fri Apr 26 18:44:35 2019
Open door at Fri Apr 26 18:54:18 2019
Open door at Fri Apr 26 20:45:52 2019
Open door at Fri Apr 26 20:45:57 2019
Open door at Fri Apr 26 21:57:17 2019
Open door at Fri Apr 26 21:57:26 2019
WARNING!!! Attempt to open door at Fri Apr 26 23:43:13 2019 with key tag: 4b05c20d
WARNING!!! Attempt to open door at Fri Apr 26 23:43:19 2019 with key tag: 4b05c20d
Open door at Fri Apr 26 23:43:30 2019
WARNING!!! Attempt to open door at Fri Apr 26 23:43:33 2019 with key tag: 4b05c20d
WARNING!!! Attempt to open door at Fri Apr 26 23:43:42 2019 with key tag: 08d713da
Open door at Sun Apr 28 18:30:22 2019
Open door at Sun Apr 28 20:13:43 2019
Open door at Sun Apr 28 23:03:49 2019
Open door at Sun Apr 28 23:55:59 2019
Open door at Mon Apr 29 14:19:50 2019
Open door at Mon Apr 29 14:32:41 2019
Open door at Mon Apr 29 14:53:39 2019
Open door at Mon Apr 29 16:34:10 2019
Open door at Mon Apr 29 16:43:47 2019
Open door at Mon Apr 29 16:52:06 2019
Open door at Mon Apr 29 17:09:50 2019
Open door at Mon Apr 29 17:51:20 2019
Open door at Mon Apr 29 18:07:40 2019
Open door at Mon Apr 29 18:18:14 2019
Open door at Mon Apr 29 19:51:58 2019
Open door at Mon Apr 29 20:25:54 2019
Open door at Mon Apr 29 20:50:15 2019
Open door at Mon Apr 29 22:24:15 2019
Open door at Tue Apr 30 14:42:09 2019
Open door at Tue Apr 30 15:35:04 2019
Open door at Tue Apr 30 16:28:03 2019
Open door at Tue Apr 30 16:32:13 2019
Open door at Tue Apr 30 18:40:24 2019
Open door at Tue Apr 30 18:48:22 2019
Open door at Tue Apr 30 19:33:20 2019
Open door at Tue Apr 30 19:35:13 2019
Open door at Tue Apr 30 19:36:28 2019
Open door at Tue Apr 30 19:37:09 2019
Open door at Tue Apr 30 20:08:54 2019
Open door at Tue Apr 30 20:10:21 2019
Open door at Tue Apr 30 20:26:13 2019
Open door at Tue Apr 30 20:37:25 2019
Open door at Tue Apr 30 20:46:21 2019
Open door at Tue Apr 30 21:56:51 2019
Open door at Tue Apr 30 22:03:43 2019
Open door at Tue Apr 30 23:10:22 2019
Open door at Tue Apr 30 23:17:04 2019
Open door at Wed May  1 01:59:18 2019
Open door at Wed May  1 02:01:34 2019
Open door at Wed May  1 02:47:19 2019
Open door at Wed May  1 02:47:25 2019
Open door at Wed May  1 02:48:47 2019
Open door at Wed May  1 14:00:54 2019
Open door at Wed May  1 16:04:24 2019
Open door at Wed May  1 17:10:55 2019
Open door at Wed May  1 17:17:58 2019
Open door at Wed May  1 19:12:37 2019
Open door at Wed May  1 19:17:15 2019
Open door at Wed May  1 20:46:51 2019
Open door at Wed May  1 20:46:55 2019
Open door at Wed May  1 20:47:38 2019
Open door at Wed May  1 21:15:01 2019
Open door at Wed May  1 22:37:39 2019
Open door at Wed May  1 22:56:05 2019
Open door at Thu May  2 14:11:01 2019
Open door at Thu May  2 14:58:01 2019
Open door at Thu May  2 15:55:03 2019
Open door at Thu May  2 19:08:10 2019
Open door at Thu May  2 22:11:57 2019
Open door at Thu May  2 22:44:10 2019
Open door at Thu May  2 23:10:14 2019
Open door at Thu May  2 23:10:50 2019
Open door at Thu May  2 23:46:12 2019
Open door at Fri May  3 00:44:43 2019
Open door at Fri May  3 00:46:01 2019
Open door at Fri May  3 00:46:10 2019
Open door at Fri May  3 01:30:55 2019
Open door at Fri May  3 15:18:08 2019
Open door at Fri May  3 18:05:13 2019
Open door at Mon May  6 14:02:29 2019
Open door at Mon May  6 14:11:28 2019
Open door at Mon May  6 14:37:09 2019
Open door at Mon May  6 15:08:19 2019
Open door at Mon May  6 16:18:37 2019
Open door at Mon May  6 17:58:11 2019
Open door at Mon May  6 17:58:16 2019
Open door at Mon May  6 18:32:18 2019
Open door at Mon May  6 19:19:05 2019
Open door at Mon May  6 19:40:20 2019
Open door at Mon May  6 19:57:21 2019
Open door at Mon May  6 20:04:13 2019
Open door at Mon May  6 20:19:23 2019
Open door at Mon May  6 20:26:19 2019
Open door at Tue May  7 13:53:04 2019
Open door at Tue May  7 15:08:45 2019
Open door at Tue May  7 15:44:30 2019
Open door at Tue May  7 20:02:19 2019
Open door at Tue May  7 21:24:48 2019
Open door at Tue May  7 22:14:22 2019
Open door at Wed May  8 14:04:40 2019
Open door at Wed May  8 17:28:44 2019
Open door at Wed May  8 17:43:20 2019
Open door at Wed May  8 17:47:13 2019
Open door at Wed May  8 19:00:24 2019
Open door at Wed May  8 20:25:30 2019
Open door at Wed May  8 20:30:12 2019
Open door at Wed May  8 20:58:49 2019
Open door at Thu May  9 16:16:26 2019
Open door at Thu May  9 16:42:26 2019
Open door at Thu May  9 16:48:36 2019
Open door at Thu May  9 17:57:25 2019
Open door at Thu May  9 17:59:40 2019
Open door at Thu May  9 18:57:02 2019
Open door at Fri May 10 00:07:46 2019
Open door at Fri May 10 00:07:59 2019
Open door at Fri May 10 00:08:06 2019
Open door at Fri May 10 16:24:45 2019
Open door at Fri May 10 16:36:41 2019
Open door at Fri May 10 16:48:54 2019
Open door at Fri May 10 16:51:19 2019
Open door at Fri May 10 17:08:47 2019
Open door at Fri May 10 17:17:58 2019
Open door at Fri May 10 17:29:31 2019
Open door at Fri May 10 18:21:06 2019
Open door at Fri May 10 18:29:46 2019
Open door at Fri May 10 18:55:36 2019
Open door at Fri May 10 18:56:25 2019
Open door at Fri May 10 19:36:39 2019
Open door at Fri May 10 19:43:41 2019
Open door at Fri May 10 21:06:38 2019
Open door at Mon May 13 15:09:14 2019
Open door at Mon May 13 17:30:39 2019
Open door at Mon May 13 18:39:19 2019
Open door at Mon May 13 22:20:04 2019
Open door at Mon May 13 22:20:10 2019
Open door at Mon May 13 22:47:23 2019
Open door at Tue May 14 15:10:15 2019
Open door at Tue May 14 20:11:54 2019
Open door at Tue May 14 20:12:06 2019
WARNING!!! Attempt to open door at Tue May 14 20:12:40 2019 with key tag: 4b05c20d
WARNING!!! Attempt to open door at Tue May 14 20:12:42 2019 with key tag: 4b05c20d
Open door at Wed May 15 13:54:08 2019
Open door at Wed May 15 14:06:27 2019
Open door at Wed May 15 14:07:17 2019
Open door at Wed May 15 14:11:05 2019
Open door at Wed May 15 23:24:46 2019
Open door at Thu May 16 15:50:28 2019
Open door at Thu May 16 15:58:17 2019
Open door at Thu May 16 15:58:47 2019
Open door at Thu May 16 19:53:16 2019
Open door at Thu May 16 20:25:17 2019
Open door at Thu May 16 20:28:30 2019
WARNING!!! Attempt to open door at Thu May 16 20:31:58 2019 with key tag: 4b05c20d
Open door at Mon May 20 14:09:07 2019
Open door at Mon May 20 14:09:12 2019
Open door at Mon May 20 15:56:22 2019
Open door at Tue May 21 17:06:04 2019
Open door at Tue May 21 17:12:47 2019
WARNING!!! Attempt to open door at Tue May 21 23:02:17 2019 with key tag: 4b05c20d
Open door at Tue May 21 23:02:41 2019
Open door at Tue May 21 23:02:46 2019
Open door at Wed May 22 16:43:57 2019
Open door at Wed May 22 16:44:30 2019
Open